<?xml version="1.0" encoding="UTF-8"?>
<!-- Generated by org.testng.reporters.JUnitXMLReporter -->
<testsuite ignored="0" hostname="C02HG5W5Q6L5" failures="0" tests="2" name="Surefire test" time="0.084" errors="0" timestamp="2024-11-14T11:56:57 IST">
  <testcase classname="TestBase.BaseClass" name="@BeforeClass Setup" time="-1.731565617657E9">
    <failure type="org.testng.TestNGException" message="
Parameter &amp;apos;Os&amp;apos; is required by BeforeClass on method Setup but has not been marked @Optional or defined
">
      <![CDATA[org.testng.TestNGException: 
Parameter 'Os' is required by BeforeClass on method Setup but has not been marked @Optional or defined

at java.base/java.util.ArrayList.forEach(ArrayList.java:1511)
... Removed 27 stack frames]]>
    </failure>
  </testcase> <!-- @BeforeClass Setup -->
  <testcase classname="TestBase.BaseClass" name="@AfterClass TearDown" time="0.0">
    <skipped/>
  </testcase> <!-- @AfterClass TearDown -->
  <testcase classname="TestBase.BaseClass" name="@BeforeClass Setup" time="-1.731565617724E9">
    <failure type="org.testng.TestNGException" message="
Parameter &amp;apos;Os&amp;apos; is required by BeforeClass on method Setup but has not been marked @Optional or defined
">
      <![CDATA[org.testng.TestNGException: 
Parameter 'Os' is required by BeforeClass on method Setup but has not been marked @Optional or defined

at java.base/java.util.ArrayList.forEach(ArrayList.java:1511)
... Removed 27 stack frames]]>
    </failure>
  </testcase> <!-- @BeforeClass Setup -->
  <testcase classname="TestBase.BaseClass" name="@AfterClass TearDown" time="0.0">
    <skipped/>
  </testcase> <!-- @AfterClass TearDown -->
  <testcase classname="TestCases.TC_002_AccountLoginTest" name="verifyAccountLogin" time="0.0">
    <skipped/>
  </testcase> <!-- verifyAccountLogin -->
  <testcase classname="TestCases.TC_001_AccountRegistrationTest" name="Verify_AccountRegistration" time="0.0">
    <skipped/>
  </testcase> <!-- Verify_AccountRegistration -->
</testsuite> <!-- Surefire test -->
