<?xml version="1.0" encoding="UTF-8"?>
<!-- Generated by org.testng.reporters.JUnitXMLReporter -->
<testsuite ignored="0" hostname="C02HG5W5Q6L5" failures="0" tests="5" name="Default test" time="0.665" errors="0" timestamp="2024-11-11T16:42:15 IST">
  <testcase classname="TestBase.BaseClass" name="@BeforeClass Setup" time="-1.731323535181E9">
    <failure type="org.testng.TestNGException" message="
Parameter &amp;apos;Os&amp;apos; is required by BeforeClass on method Setup but has not been marked @Optional or defined
in /private/var/folders/40/hjmnz6dd3vsfgchlb3hvpxsc0000gn/T/testng-eclipse--1646368335/testng-customsuite.xml">
      <![CDATA[org.testng.TestNGException: 
Parameter 'Os' is required by BeforeClass on method Setup but has not been marked @Optional or defined
in /private/var/folders/40/hjmnz6dd3vsfgchlb3hvpxsc0000gn/T/testng-eclipse--1646368335/testng-customsuite.xml
at org.testng.internal.Parameters.createParams(Parameters.java:270)
at org.testng.internal.Parameters.createParametersForMethod(Parameters.java:358)
at org.testng.internal.Parameters.createParameters(Parameters.java:700)
at org.testng.internal.Parameters.createConfigurationParameters(Parameters.java:168)
at org.testng.internal.ConfigInvoker.invokeConfigurations(ConfigInvoker.java:302)
at org.testng.internal.TestMethodWorker.invokeBeforeClassMethods(TestMethodWorker.java:176)
at org.testng.internal.TestMethodWorker.run(TestMethodWorker.java:122)
at java.base/java.util.ArrayList.forEach(ArrayList.java:1511)
at org.testng.TestRunner.privateRun(TestRunner.java:794)
at org.testng.TestRunner.run(TestRunner.java:596)
at org.testng.SuiteRunner.runTest(SuiteRunner.java:377)
at org.testng.SuiteRunner.runSequentially(SuiteRunner.java:371)
at org.testng.SuiteRunner.privateRun(SuiteRunner.java:332)
at org.testng.SuiteRunner.run(SuiteRunner.java:276)
at org.testng.SuiteRunnerWorker.runSuite(SuiteRunnerWorker.java:53)
at org.testng.SuiteRunnerWorker.run(SuiteRunnerWorker.java:96)
at org.testng.TestNG.runSuitesSequentially(TestNG.java:1212)
at org.testng.TestNG.runSuitesLocally(TestNG.java:1134)
at org.testng.TestNG.runSuites(TestNG.java:1063)
at org.testng.TestNG.run(TestNG.java:1031)
at org.testng.remote.AbstractRemoteTestNG.run(AbstractRemoteTestNG.java:115)
at org.testng.remote.RemoteTestNG.initAndRun(RemoteTestNG.java:293)
at org.testng.remote.RemoteTestNG.main(RemoteTestNG.java:91)
]]>
    </failure>
  </testcase> <!-- @BeforeClass Setup -->
  <testcase classname="TestBase.BaseClass" name="@AfterClass TearDown" time="-1.731323535834E9">
    <skipped/>
  </testcase> <!-- @AfterClass TearDown -->
  <testcase classname="TestCases.TC_003_AccountLoginDataProvider" name="AccountloginTest" time="0.0">
    <skipped/>
  </testcase> <!-- AccountloginTest -->
  <testcase classname="TestCases.TC_003_AccountLoginDataProvider" name="AccountloginTest" time="0.0">
    <skipped/>
  </testcase> <!-- AccountloginTest -->
  <testcase classname="TestCases.TC_003_AccountLoginDataProvider" name="AccountloginTest" time="0.0">
    <skipped/>
  </testcase> <!-- AccountloginTest -->
  <testcase classname="TestCases.TC_003_AccountLoginDataProvider" name="AccountloginTest" time="0.0">
    <skipped/>
  </testcase> <!-- AccountloginTest -->
  <testcase classname="TestCases.TC_003_AccountLoginDataProvider" name="AccountloginTest" time="0.0">
    <skipped/>
  </testcase> <!-- AccountloginTest -->
</testsuite> <!-- Default test -->
